<?xml version="1.0" encoding="UTF-8"?>
<testng-results skipped="0" failed="1" ignored="0" total="1" passed="0">
  <reporter-output>
  </reporter-output>
  <suite name="Default suite" duration-ms="50566" started-at="2019-08-30T17:21:55Z" finished-at="2019-08-30T17:22:45Z">
    <groups>
    </groups>
    <test name="Default test" duration-ms="50566" started-at="2019-08-30T17:21:55Z" finished-at="2019-08-30T17:22:45Z">
      <class name="com.crm.qa.testcases.FlipkartProdSearchTest">
        <test-method status="PASS" signature="setUp()[pri:0, instance:com.crm.qa.testcases.FlipkartProdSearchTest@1794d431]" name="setUp" is-config="true" duration-ms="15194" started-at="2019-08-30T17:21:55Z" finished-at="2019-08-30T17:22:10Z">
          <reporter-output>
          </reporter-output>
        </test-method> <!-- setUp -->
        <test-method status="FAIL" signature="priceTest()[pri:0, instance:com.crm.qa.testcases.FlipkartProdSearchTest@1794d431]" name="priceTest" duration-ms="28597" started-at="2019-08-30T17:22:10Z" finished-at="2019-08-30T17:22:38Z">
          <exception class="java.lang.AssertionError">
            <message>
              <![CDATA[Price matched expected [64,999] but found [69,999]]]>
            </message>
            <full-stacktrace>
              <![CDATA[java.lang.AssertionError: Price matched expected [64,999] but found [69,999]
at org.testng.Assert.fail(Assert.java:96)
at org.testng.Assert.failNotEquals(Assert.java:776)
at org.testng.Assert.assertEqualsImpl(Assert.java:137)
at org.testng.Assert.assertEquals(Assert.java:118)
at org.testng.Assert.assertEquals(Assert.java:453)
at com.crm.qa.testcases.FlipkartProdSearchTest.priceTest(FlipkartProdSearchTest.java:38)
at sun.reflect.NativeMethodAccessorImpl.invoke0(Native Method)
at sun.reflect.NativeMethodAccessorImpl.invoke(Unknown Source)
at sun.reflect.DelegatingMethodAccessorImpl.invoke(Unknown Source)
at java.lang.reflect.Method.invoke(Unknown Source)
at org.testng.internal.MethodInvocationHelper.invokeMethod(MethodInvocationHelper.java:124)
at org.testng.internal.Invoker.invokeMethod(Invoker.java:583)
at org.testng.internal.Invoker.invokeTestMethod(Invoker.java:719)
at org.testng.internal.Invoker.invokeTestMethods(Invoker.java:989)
at org.testng.internal.TestMethodWorker.invokeTestMethods(TestMethodWorker.java:125)
at org.testng.internal.TestMethodWorker.run(TestMethodWorker.java:109)
at org.testng.TestRunner.privateRun(TestRunner.java:648)
at org.testng.TestRunner.run(TestRunner.java:505)
at org.testng.SuiteRunner.runTest(SuiteRunner.java:455)
at org.testng.SuiteRunner.runSequentially(SuiteRunner.java:450)
at org.testng.SuiteRunner.privateRun(SuiteRunner.java:415)
at org.testng.SuiteRunner.run(SuiteRunner.java:364)
at org.testng.SuiteRunnerWorker.runSuite(SuiteRunnerWorker.java:52)
at org.testng.SuiteRunnerWorker.run(SuiteRunnerWorker.java:84)
at org.testng.TestNG.runSuitesSequentially(TestNG.java:1208)
at org.testng.TestNG.runSuitesLocally(TestNG.java:1137)
at org.testng.TestNG.runSuites(TestNG.java:1049)
at org.testng.TestNG.run(TestNG.java:1017)
at org.testng.remote.AbstractRemoteTestNG.run(AbstractRemoteTestNG.java:115)
at org.testng.remote.RemoteTestNG.initAndRun(RemoteTestNG.java:251)
at org.testng.remote.RemoteTestNG.main(RemoteTestNG.java:77)
]]>
            </full-stacktrace>
          </exception> <!-- java.lang.AssertionError -->
          <reporter-output>
          </reporter-output>
        </test-method> <!-- priceTest -->
        <test-method status="PASS" signature="screenShot(org.testng.ITestResult)[pri:0, instance:com.crm.qa.testcases.FlipkartProdSearchTest@1794d431]" name="screenShot" is-config="true" duration-ms="5615" started-at="2019-08-30T17:22:40Z" finished-at="2019-08-30T17:22:45Z">
          <params>
            <param index="0">
              <value>
                <![CDATA[[TestResult name=priceTest status=FAILURE method=FlipkartProdSearchTest.priceTest()[pri:0, instance:com.crm.qa.testcases.FlipkartProdSearchTest@1794d431] output={null}]]]>
              </value>
            </param>
          </params>
          <reporter-output>
          </reporter-output>
        </test-method> <!-- screenShot -->
      </class> <!-- com.crm.qa.testcases.FlipkartProdSearchTest -->
    </test> <!-- Default test -->
  </suite> <!-- Default suite -->
</testng-results>
